# JRE version: OpenJDK Runtime Environment (8.0_152-b06) (build 1.8.0_152-release-1136-b06)
# Java VM: OpenJDK 64-Bit Server VM (25.152-b06 mixed mode windows-amd64 compressed oops)
Heap:
 PSYoungGen      total 293888K, used 34898K [0x00000000eab00000, 0x0000000100000000, 0x0000000100000000)
  eden space 267776K, 4% used [0x00000000eab00000,0x00000000eb5a9d48,0x00000000fb080000)
  from space 26112K, 91% used [0x00000000fb080000,0x00000000fc7eaea8,0x00000000fca00000)
  to   space 54272K, 0% used [0x00000000fcb00000,0x00000000fcb00000,0x0000000100000000)
 ParOldGen       total 217600K, used 103504K [0x00000000c0000000, 0x00000000cd480000, 0x00000000eab00000)
  object space 217600K, 47% used [0x00000000c0000000,0x00000000c65143b0,0x00000000cd480000)
 Metaspace       used 71367K, capacity 74208K, committed 75992K, reserved 1114112K
  class space    used 9448K, capacity 10052K, committed 10496K, reserved 1048576K
GC Heap History (10 events):
Event: 38.509 GC heap before
{Heap before GC invocations=15 (full 2):
 PSYoungGen      total 202240K, used 43054K [0x00000000eab00000, 0x00000000f8f00000, 0x0000000100000000)
  eden space 186368K, 14% used [0x00000000eab00000,0x00000000ec591048,0x00000000f6100000)
  from space 15872K, 99% used [0x00000000f7680000,0x00000000f85fab80,0x00000000f8600000)
  to   space 22016K, 0% used [0x00000000f6100000,0x00000000f6100000,0x00000000f7680000)
 ParOldGen       total 66048K, used 30243K [0x00000000c0000000, 0x00000000c4080000, 0x00000000eab00000)
  object space 66048K, 45% used [0x00000000c0000000,0x00000000c1d88fa0,0x00000000c4080000)
 Metaspace       used 56667K, capacity 58766K, committed 58968K, reserved 1099776K
  class space    used 7681K, capacity 8207K, committed 8320K, reserved 1048576K
Event: 38.523 GC heap after
Heap after GC invocations=15 (full 2):
 PSYoungGen      total 208384K, used 747K [0x00000000eab00000, 0x00000000fe380000, 0x0000000100000000)
  eden space 186368K, 0% used [0x00000000eab00000,0x00000000eab00000,0x00000000f6100000)
  from space 22016K, 3% used [0x00000000f6100000,0x00000000f61bafa8,0x00000000f7680000)
  to   space 22016K, 0% used [0x00000000fce00000,0x00000000fce00000,0x00000000fe380000)
 ParOldGen       total 66048K, used 42632K [0x00000000c0000000, 0x00000000c4080000, 0x00000000eab00000)
  object space 66048K, 64% used [0x00000000c0000000,0x00000000c29a21a0,0x00000000c4080000)
 Metaspace       used 56667K, capacity 58766K, committed 58968K, reserved 1099776K
  class space    used 7681K, capacity 8207K, committed 8320K, reserved 1048576K
}
Event: 38.523 GC heap before
{Heap before GC invocations=16 (full 3):
 PSYoungGen      total 208384K, used 747K [0x00000000eab00000, 0x00000000fe380000, 0x0000000100000000)
  eden space 186368K, 0% used [0x00000000eab00000,0x00000000eab00000,0x00000000f6100000)
  from space 22016K, 3% used [0x00000000f6100000,0x00000000f61bafa8,0x00000000f7680000)
  to   space 22016K, 0% used [0x00000000fce00000,0x00000000fce00000,0x00000000fe380000)
 ParOldGen       total 66048K, used 42632K [0x00000000c0000000, 0x00000000c4080000, 0x00000000eab00000)
  object space 66048K, 64% used [0x00000000c0000000,0x00000000c29a21a0,0x00000000c4080000)
 Metaspace       used 56667K, capacity 58766K, committed 58968K, reserved 1099776K
  class space    used 7681K, capacity 8207K, committed 8320K, reserved 1048576K
Event: 39.082 GC heap after
Heap after GC invocations=16 (full 3):
 PSYoungGen      total 208384K, used 0K [0x00000000eab00000, 0x00000000fe380000, 0x0000000100000000)
  eden space 186368K, 0% used [0x00000000eab00000,0x00000000eab00000,0x00000000f6100000)
  from space 22016K, 0% used [0x00000000f6100000,0x00000000f6100000,0x00000000f7680000)
  to   space 22016K, 0% used [0x00000000fce00000,0x00000000fce00000,0x00000000fe380000)
 ParOldGen       total 109056K, used 38198K [0x00000000c0000000, 0x00000000c6a80000, 0x00000000eab00000)
  object space 109056K, 35% used [0x00000000c0000000,0x00000000c254db80,0x00000000c6a80000)
 Metaspace       used 56667K, capacity 58766K, committed 58968K, reserved 1099776K
  class space    used 7681K, capacity 8207K, committed 8320K, reserved 1048576K
}
Event: 51.519 GC heap before
{Heap before GC invocations=17 (full 3):
 PSYoungGen      total 208384K, used 186368K [0x00000000eab00000, 0x00000000fe380000, 0x0000000100000000)
  eden space 186368K, 100% used [0x00000000eab00000,0x00000000f6100000,0x00000000f6100000)
  from space 22016K, 0% used [0x00000000f6100000,0x00000000f6100000,0x00000000f7680000)
  to   space 22016K, 0% used [0x00000000fce00000,0x00000000fce00000,0x00000000fe380000)
 ParOldGen       total 109056K, used 38198K [0x00000000c0000000, 0x00000000c6a80000, 0x00000000eab00000)
  object space 109056K, 35% used [0x00000000c0000000,0x00000000c254db80,0x00000000c6a80000)
 Metaspace       used 69688K, capacity 72932K, committed 73048K, reserved 1112064K
  class space    used 9360K, capacity 10082K, committed 10112K, reserved 1048576K
Event: 51.551 GC heap after
Heap after GC invocations=17 (full 3):
 PSYoungGen      total 278528K, used 21985K [0x00000000eab00000, 0x00000000fe380000, 0x0000000100000000)
  eden space 256512K, 0% used [0x00000000eab00000,0x00000000eab00000,0x00000000fa580000)
  from space 22016K, 99% used [0x00000000fce00000,0x00000000fe378578,0x00000000fe380000)
  to   space 26112K, 0% used [0x00000000fb080000,0x00000000fb080000,0x00000000fca00000)
 ParOldGen       total 109056K, used 38753K [0x00000000c0000000, 0x00000000c6a80000, 0x00000000eab00000)
  object space 109056K, 35% used [0x00000000c0000000,0x00000000c25d8700,0x00000000c6a80000)
 Metaspace       used 69688K, capacity 72932K, committed 73048K, reserved 1112064K
  class space    used 9360K, capacity 10082K, committed 10112K, reserved 1048576K
}
Event: 57.808 GC heap before
{Heap before GC invocations=18 (full 3):
 PSYoungGen      total 278528K, used 278497K [0x00000000eab00000, 0x00000000fe380000, 0x0000000100000000)
  eden space 256512K, 100% used [0x00000000eab00000,0x00000000fa580000,0x00000000fa580000)
  from space 22016K, 99% used [0x00000000fce00000,0x00000000fe378578,0x00000000fe380000)
  to   space 26112K, 0% used [0x00000000fb080000,0x00000000fb080000,0x00000000fca00000)
 ParOldGen       total 109056K, used 38753K [0x00000000c0000000, 0x00000000c6a80000, 0x00000000eab00000)
  object space 109056K, 35% used [0x00000000c0000000,0x00000000c25d8700,0x00000000c6a80000)
 Metaspace       used 72158K, capacity 75878K, committed 75992K, reserved 1114112K
  class space    used 9659K, capacity 10429K, committed 10496K, reserved 1048576K
Event: 58.080 GC heap after
Heap after GC invocations=18 (full 3):
 PSYoungGen      total 293888K, used 26101K [0x00000000eab00000, 0x0000000100000000, 0x0000000100000000)
  eden space 267776K, 0% used [0x00000000eab00000,0x00000000eab00000,0x00000000fb080000)
  from space 26112K, 99% used [0x00000000fb080000,0x00000000fc9fd770,0x00000000fca00000)
  to   space 54272K, 0% used [0x00000000fcb00000,0x00000000fcb00000,0x0000000100000000)
 ParOldGen       total 109056K, used 103359K [0x00000000c0000000, 0x00000000c6a80000, 0x00000000eab00000)
  object space 109056K, 94% used [0x00000000c0000000,0x00000000c64efc68,0x00000000c6a80000)
 Metaspace       used 72158K, capacity 75878K, committed 75992K, reserved 1114112K
  class space    used 9659K, capacity 10429K, committed 10496K, reserved 1048576K
}
Event: 58.080 GC heap before
{Heap before GC invocations=19 (full 4):
 PSYoungGen      total 293888K, used 26101K [0x00000000eab00000, 0x0000000100000000, 0x0000000100000000)
  eden space 267776K, 0% used [0x00000000eab00000,0x00000000eab00000,0x00000000fb080000)
  from space 26112K, 99% used [0x00000000fb080000,0x00000000fc9fd770,0x00000000fca00000)
  to   space 54272K, 0% used [0x00000000fcb00000,0x00000000fcb00000,0x0000000100000000)
 ParOldGen       total 109056K, used 103359K [0x00000000c0000000, 0x00000000c6a80000, 0x00000000eab00000)
  object space 109056K, 94% used [0x00000000c0000000,0x00000000c64efc68,0x00000000c6a80000)
 Metaspace       used 72158K, capacity 75878K, committed 75992K, reserved 1114112K
  class space    used 9659K, capacity 10429K, committed 10496K, reserved 1048576K
Event: 61.662 GC heap after
Heap after GC invocations=19 (full 4):
 PSYoungGen      total 293888K, used 23979K [0x00000000eab00000, 0x0000000100000000, 0x0000000100000000)
  eden space 267776K, 0% used [0x00000000eab00000,0x00000000eab00000,0x00000000fb080000)
  from space 26112K, 91% used [0x00000000fb080000,0x00000000fc7eaea8,0x00000000fca00000)
  to   space 54272K, 0% used [0x00000000fcb00000,0x00000000fcb00000,0x0000000100000000)
 ParOldGen       total 217600K, used 103504K [0x00000000c0000000, 0x00000000cd480000, 0x00000000eab00000)
  object space 217600K, 47% used [0x00000000c0000000,0x00000000c65143b0,0x00000000cd480000)
 Metaspace       used 71366K, capacity 74208K, committed 75992K, reserved 1114112K
  class space    used 9448K, capacity 10052K, committed 10496K, reserved 1048576K
}

